--------------------------------------------------------------------------------
Release 14.1 Trace  (nt64)
Copyright (c) 1995-2012 Xilinx, Inc.  All rights reserved.

D:\Programas\Xilinx\14.1\ISE_DS\ISE\bin\nt64\unwrapped\trce.exe -intstyle ise
-v 3 -s 5 -n 3 -fastpaths -xml TOP.twx TOP.ncd -o TOP.twr TOP.pcf -ucf TOP.ucf

Design file:              TOP.ncd
Physical constraint file: TOP.pcf
Device,package,speed:     xc3s200,ft256,-5 (PRODUCTION 1.39 2012-04-23)
Report level:             verbose report

Environment Variable      Effect 
--------------------      ------ 
NONE                      No environment variables were set
--------------------------------------------------------------------------------

INFO:Timing:2698 - No timing constraints found, doing default enumeration.
INFO:Timing:3412 - To improve timing, see the Timing Closure User Guide (UG612).
INFO:Timing:2752 - To get complete path coverage, use the unconstrained paths 
   option. All paths that are not constrained will be reported in the 
   unconstrained paths section(s) of the report.
INFO:Timing:3339 - The clock-to-out numbers in this timing report are based on 
   a 50 Ohm transmission line loading model.  For the details of this model, 
   and for more information on accounting for different loading conditions, 
   please see the device datasheet.
INFO:Timing:3390 - This architecture does not support a default System Jitter 
   value, please add SYSTEM_JITTER constraint to the UCF to modify the Clock 
   Uncertainty calculation.
INFO:Timing:3389 - This architecture does not support 'Discrete Jitter' and 
   'Phase Error' calculations, these terms will be zero in the Clock 
   Uncertainty calculation.  Please make appropriate modification to 
   SYSTEM_JITTER to account for the unsupported Discrete Jitter and Phase 
   Error.



Data Sheet report:
-----------------
All values displayed in nanoseconds (ns)

Setup/Hold to clock clk
------------+------------+------------+------------------+--------+
            |Max Setup to|Max Hold to |                  | Clock  |
Source      | clk (edge) | clk (edge) |Internal Clock(s) | Phase  |
------------+------------+------------+------------------+--------+
din<0>      |    1.590(R)|    0.003(R)|clk_BUFGP         |   0.000|
din<1>      |    2.545(R)|   -0.015(R)|clk_BUFGP         |   0.000|
din<2>      |    3.509(R)|   -0.268(R)|clk_BUFGP         |   0.000|
din<3>      |    3.584(R)|    0.465(R)|clk_BUFGP         |   0.000|
din<4>      |    3.832(R)|   -0.155(R)|clk_BUFGP         |   0.000|
din<5>      |    3.807(R)|    0.476(R)|clk_BUFGP         |   0.000|
din<6>      |    4.677(R)|   -0.037(R)|clk_BUFGP         |   0.000|
enter       |    1.261(R)|    0.326(R)|clk_BUFGP         |   0.000|
------------+------------+------------+------------------+--------+

Clock clk to Pad
------------+------------+------------------+--------+
            | clk (edge) |                  | Clock  |
Destination |   to PAD   |Internal Clock(s) | Phase  |
------------+------------+------------------+--------+
segments<0> |   13.903(R)|clk_BUFGP         |   0.000|
segments<1> |   13.447(R)|clk_BUFGP         |   0.000|
segments<2> |   13.591(R)|clk_BUFGP         |   0.000|
segments<3> |   13.568(R)|clk_BUFGP         |   0.000|
segments<4> |   13.804(R)|clk_BUFGP         |   0.000|
segments<5> |   13.214(R)|clk_BUFGP         |   0.000|
segments<6> |   13.719(R)|clk_BUFGP         |   0.000|
------------+------------+------------------+--------+

Clock to Setup on destination clock clk
---------------+---------+---------+---------+---------+
               | Src:Rise| Src:Fall| Src:Rise| Src:Fall|
Source Clock   |Dest:Rise|Dest:Rise|Dest:Fall|Dest:Fall|
---------------+---------+---------+---------+---------+
clk            |   23.938|         |         |         |
---------------+---------+---------+---------+---------+


Analysis completed Fri Jan 09 09:29:02 2015 
--------------------------------------------------------------------------------

Trace Settings:
-------------------------
Trace Settings 

Peak Memory Usage: 146 MB



