--------------------------------------------------------------------------------
Release 14.1 Trace  (nt64)
Copyright (c) 1995-2012 Xilinx, Inc.  All rights reserved.

D:\Xilinx\14.1\ISE_DS\ISE\bin\nt64\unwrapped\trce.exe -intstyle ise -v 3 -s 5
-n 3 -fastpaths -xml BCD7.twx BCD7.ncd -o BCD7.twr BCD7.pcf

Design file:              BCD7.ncd
Physical constraint file: BCD7.pcf
Device,package,speed:     xc3s200,ft256,-5 (PRODUCTION 1.39 2012-04-23)
Report level:             verbose report

Environment Variable      Effect 
--------------------      ------ 
NONE                      No environment variables were set
--------------------------------------------------------------------------------

INFO:Timing:2698 - No timing constraints found, doing default enumeration.
INFO:Timing:3412 - To improve timing, see the Timing Closure User Guide (UG612).
INFO:Timing:2752 - To get complete path coverage, use the unconstrained paths 
   option. All paths that are not constrained will be reported in the 
   unconstrained paths section(s) of the report.
INFO:Timing:3339 - The clock-to-out numbers in this timing report are based on 
   a 50 Ohm transmission line loading model.  For the details of this model, 
   and for more information on accounting for different loading conditions, 
   please see the device datasheet.
INFO:Timing:3390 - This architecture does not support a default System Jitter 
   value, please add SYSTEM_JITTER constraint to the UCF to modify the Clock 
   Uncertainty calculation.
INFO:Timing:3389 - This architecture does not support 'Discrete Jitter' and 
   'Phase Error' calculations, these terms will be zero in the Clock 
   Uncertainty calculation.  Please make appropriate modification to 
   SYSTEM_JITTER to account for the unsupported Discrete Jitter and Phase 
   Error.



Data Sheet report:
-----------------
All values displayed in nanoseconds (ns)

Pad to Pad
---------------+---------------+---------+
Source Pad     |Destination Pad|  Delay  |
---------------+---------------+---------+
code<0>        |led<0>         |    7.488|
code<0>        |led<1>         |    7.228|
code<0>        |led<2>         |    6.821|
code<0>        |led<3>         |    6.782|
code<0>        |led<4>         |    6.974|
code<0>        |led<5>         |    6.557|
code<0>        |led<6>         |    7.117|
code<1>        |led<0>         |    7.271|
code<1>        |led<1>         |    7.388|
code<1>        |led<2>         |    6.677|
code<1>        |led<3>         |    6.639|
code<1>        |led<4>         |    7.030|
code<1>        |led<5>         |    6.816|
code<1>        |led<6>         |    6.907|
code<2>        |led<0>         |    7.341|
code<2>        |led<1>         |    7.395|
code<2>        |led<2>         |    6.629|
code<2>        |led<3>         |    6.648|
code<2>        |led<4>         |    7.210|
code<2>        |led<5>         |    6.658|
code<2>        |led<6>         |    6.920|
code<3>        |led<0>         |    7.458|
code<3>        |led<1>         |    7.214|
code<3>        |led<2>         |    7.127|
code<3>        |led<3>         |    6.831|
code<3>        |led<4>         |    6.924|
code<3>        |led<5>         |    6.883|
code<3>        |led<6>         |    7.344|
---------------+---------------+---------+


Analysis completed Sun Jan 04 12:29:36 2015 
--------------------------------------------------------------------------------

Trace Settings:
-------------------------
Trace Settings 

Peak Memory Usage: 151 MB



