--------------------------------------------------------------------------------
Release 14.1 Trace  (nt64)
Copyright (c) 1995-2012 Xilinx, Inc.  All rights reserved.

D:\Programas\Xilinx\14.1\ISE_DS\ISE\bin\nt64\unwrapped\trce.exe -intstyle ise
-v 3 -s 5 -n 3 -fastpaths -xml TOP.twx TOP.ncd -o TOP.twr TOP.pcf -ucf TOP.ucf

Design file:              TOP.ncd
Physical constraint file: TOP.pcf
Device,package,speed:     xc3s200,ft256,-5 (PRODUCTION 1.39 2012-04-23)
Report level:             verbose report

Environment Variable      Effect 
--------------------      ------ 
NONE                      No environment variables were set
--------------------------------------------------------------------------------

INFO:Timing:2698 - No timing constraints found, doing default enumeration.
INFO:Timing:3412 - To improve timing, see the Timing Closure User Guide (UG612).
INFO:Timing:2752 - To get complete path coverage, use the unconstrained paths 
   option. All paths that are not constrained will be reported in the 
   unconstrained paths section(s) of the report.
INFO:Timing:3339 - The clock-to-out numbers in this timing report are based on 
   a 50 Ohm transmission line loading model.  For the details of this model, 
   and for more information on accounting for different loading conditions, 
   please see the device datasheet.
INFO:Timing:3390 - This architecture does not support a default System Jitter 
   value, please add SYSTEM_JITTER constraint to the UCF to modify the Clock 
   Uncertainty calculation.
INFO:Timing:3389 - This architecture does not support 'Discrete Jitter' and 
   'Phase Error' calculations, these terms will be zero in the Clock 
   Uncertainty calculation.  Please make appropriate modification to 
   SYSTEM_JITTER to account for the unsupported Discrete Jitter and Phase 
   Error.



Data Sheet report:
-----------------
All values displayed in nanoseconds (ns)

Setup/Hold to clock clk
------------+------------+------------+------------------+--------+
            |Max Setup to|Max Hold to |                  | Clock  |
Source      | clk (edge) | clk (edge) |Internal Clock(s) | Phase  |
------------+------------+------------+------------------+--------+
din<0>      |    1.682(R)|   -0.070(R)|clk_BUFGP         |   0.000|
din<1>      |    3.926(R)|   -0.362(R)|clk_BUFGP         |   0.000|
din<2>      |    3.664(R)|    0.164(R)|clk_BUFGP         |   0.000|
din<3>      |    3.746(R)|    0.404(R)|clk_BUFGP         |   0.000|
din<4>      |    3.686(R)|    0.166(R)|clk_BUFGP         |   0.000|
din<5>      |    3.759(R)|    0.271(R)|clk_BUFGP         |   0.000|
din<6>      |    3.945(R)|   -0.280(R)|clk_BUFGP         |   0.000|
enter1      |    5.408(R)|   -0.476(R)|clk_BUFGP         |   0.000|
enter2      |    5.898(R)|   -0.868(R)|clk_BUFGP         |   0.000|
enter3      |    5.261(R)|   -0.359(R)|clk_BUFGP         |   0.000|
------------+------------+------------+------------------+--------+

Clock clk to Pad
------------+------------+------------------+--------+
            | clk (edge) |                  | Clock  |
Destination |   to PAD   |Internal Clock(s) | Phase  |
------------+------------+------------------+--------+
digits<0>   |   12.550(R)|clk_BUFGP         |   0.000|
digits<1>   |   12.074(R)|clk_BUFGP         |   0.000|
digits<2>   |   12.497(R)|clk_BUFGP         |   0.000|
digits<3>   |   12.188(R)|clk_BUFGP         |   0.000|
segments<0> |    8.717(R)|clk_BUFGP         |   0.000|
segments<1> |    9.029(R)|clk_BUFGP         |   0.000|
segments<2> |    9.342(R)|clk_BUFGP         |   0.000|
segments<3> |    9.520(R)|clk_BUFGP         |   0.000|
segments<4> |    9.233(R)|clk_BUFGP         |   0.000|
segments<5> |    9.050(R)|clk_BUFGP         |   0.000|
segments<6> |    9.484(R)|clk_BUFGP         |   0.000|
------------+------------+------------------+--------+

Clock to Setup on destination clock clk
---------------+---------+---------+---------+---------+
               | Src:Rise| Src:Fall| Src:Rise| Src:Fall|
Source Clock   |Dest:Rise|Dest:Rise|Dest:Fall|Dest:Fall|
---------------+---------+---------+---------+---------+
clk            |   24.396|         |         |         |
---------------+---------+---------+---------+---------+


Analysis completed Fri Jan 09 11:01:47 2015 
--------------------------------------------------------------------------------

Trace Settings:
-------------------------
Trace Settings 

Peak Memory Usage: 146 MB



